Arguments: 
  C:\Program Files\nodejs\node.exe C:\Users\Samu\AppData\Roaming\npm\node_modules\yarn\bin\yarn.js add jsonwebtoken

PATH: 
  C:\Python310\Scripts\;C:\Python310\;C:\Program Files (x86)\Common Files\Intel\Shared Libraries\redist\intel64\compiler;C:\Program Files (x86)\NVIDIA Corporation\PhysX\Common;C:\Python38\Scripts\;C:\Python38\;C:\WINDOWS\system32;C:\WINDOWS;C:\WINDOWS\System32\Wbem;C:\WINDOWS\System32\WindowsPowerShell\v1.0\;C:\WINDOWS\System32\OpenSSH\;C:\ProgramData\chocolatey\bin;C:\Program Files\Microsoft VS Code\bin;C:\Program Files\Microsoft SQL Server\Client SDK\ODBC\170\Tools\Binn\;C:\Program Files (x86)\Microsoft SQL Server\150\Tools\Binn\;C:\Program Files\Microsoft SQL Server\150\Tools\Binn\;C:\Program Files\Microsoft SQL Server\150\DTS\Binn\;C:\Program Files (x86)\Microsoft SQL Server\150\DTS\Binn\;C:\Program Files\Azure Data Studio\bin;C:\Users\Admin\AppData\Roaming\nvm;C:\Program Files\nodejs;C:\Program Files\nodejs\;C:\Program Files\Git\cmd;C:\Program Files\dotnet\;C:\Users\Admin\AppData\Local\Microsoft\WindowsApps;C:\Users\Admin\AppData\Roaming\nvm;C:\Program Files (x86)\GitHub CLI\;C:\Program Files\GitHub CLI\;C:\Program Files (x86)\Windows Kits\10\Windows Performance Toolkit\;C:\Program Files\mongosh-1.5.4\bin\;C:\Users\Samu\AppData\Local\Microsoft\WindowsApps;C:\Users\Samu\AppData\Roaming\npm;C:\Users\Samu\AppData\Local\GitHubDesktop\bin

Yarn version: 
  1.22.18

Node version: 
  14.18.0

Platform: 
  win32 x64

Trace: 
  Error: EPERM: operation not permitted, unlink 'C:\Users\Samu\blog-app\node_modules\prisma\engines\c875e43600dfe042452e0b868f7a48b817b9640b\query_engine-windows.dll.node'

npm manifest: 
  {
    "name": "blog-app",
    "version": "1.0.0",
    "main": "index.ts",
    "scripts": {
      "start": "npx nodemon index.ts"
    },
    "repository": "https://github.com/samu20108/blog-app.git",
    "author": "csala013-xamk <csala013@edu.xamk.fi>",
    "license": "MIT",
    "dependencies": {
      "express": "^5.0.0-beta.1"
    },
    "devDependencies": {
      "@prisma/client": "^4.3.0",
      "@types/express": "^4.17.13",
      "@types/node": "^18.7.14",
      "nodemon": "^2.0.19",
      "prisma": "^4.3.0",
      "ts-node": "^10.9.1",
      "typescript": "^4.8.2"
    }
  }

yarn manifest: 
  No manifest

Lockfile: 
  No lockfile
